app/build/outputs/mapping/release/seeds.txt
com.ramadan.islami.data.model.Prayer$PrayerData: com.ramadan.islami.data.model.Prayer$PrayerData copy(com.ramadan.islami.data.model.Prayer$PrayerDate,com.ramadan.islami.data.model.Prayer$Meta,com.ramadan.islami.data.model.Prayer$Timings)
com.ramadan.islami.data.model.Prayer: int hashCode()
com.ramadan.islami.data.model.Prayer$Meta: java.lang.String toString()
com.ramadan.islami.data.model.Video: java.lang.String id
com.ramadan.islami.ui.fragment.Feedback: Feedback()
com.ramadan.islami.data.model.Hadith$HadithX: java.lang.String getChapterTitle()
com.ramadan.islami.data.model.Azkar$AzkarItem: java.lang.String category
com.ramadan.islami.data.model.Hijri$Weekday: com.ramadan.islami.data.model.Hijri$Weekday copy(java.lang.String,java.lang.String)
com.ramadan.islami.data.model.Hijri$Weekday: int hashCode()
com.ramadan.islami.data.model.Hijri$Weekday: java.lang.String en
com.ramadan.islami.data.model.Quran$Ayah: int ruku
com.ramadan.islami.data.model.Topic: java.util.Map getContent()
com.ramadan.islami.data.model.Hijri: java.util.List holidays
com.ramadan.islami.data.model.Quran$Ayah: int getNumber()
com.ramadan.islami.data.model.Prayer: int getCode()
com.ramadan.islami.data.model.Prayer$Timings: java.lang.String sunrise
com.ramadan.islami.data.model.Surah
com.ramadan.islami.utils.Resource: com.ramadan.islami.utils.Resource copy(com.ramadan.islami.utils.ResponseStatus,java.lang.Object,java.lang.String)
com.ramadan.islami.data.model.Hijri$Weekday: boolean equals(java.lang.Object)
com.ramadan.islami.data.model.Calender: com.ramadan.islami.data.model.Calender$CalenderData data
com.ramadan.islami.ui.activity.PrayerTimes
com.ramadan.islami.ui.activity.DateConversion
com.ramadan.islami.data.model.Prayer$Timings: java.lang.String component6()
com.ramadan.islami.data.model.Hijri$Month: int number
com.ramadan.islami.data.model.AllahNames$AllahNamesItem: java.lang.String toString()
com.ramadan.islami.data.model.Hijri$Month: com.ramadan.islami.data.model.Hijri$Month copy$default(com.ramadan.islami.data.model.Hijri$Month,java.lang.String,java.lang.String,int,int,java.lang.Object)
com.ramadan.islami.data.model.Hadith$HadithX: java.util.List component4()
com.ramadan.islami.Azan: Azan()
com.ramadan.islami.data.model.AllahNames$AllahNamesItem: java.lang.String getEnglish()
com.ramadan.islami.data.model.Collection: Collection(java.lang.String,java.lang.String,java.lang.String)
com.ramadan.islami.data.model.Surah: int getNumber()
com.ramadan.islami.ui.activity.MainActivity: MainActivity()
com.ramadan.islami.ui.fragment.Feedback
com.ramadan.islami.ui.fragment.Quotes: Quotes()
com.ramadan.islami.data.model.Topic: java.lang.String brief
com.ramadan.islami.ui.activity.Quote: Quote()
com.ramadan.islami.data.model.Hijri
com.ramadan.islami.data.model.Topic: double getRate()
com.ramadan.islami.data.model.Prayer$Method: com.ramadan.islami.data.model.Prayer$Method copy(int,java.lang.String)
com.ramadan.islami.data.model.Video: Video(java.lang.String,java.lang.String,java.util.ArrayList)
com.ramadan.islami.data.model.Quran: com.ramadan.islami.data.model.Quran$Data getData()
com.ramadan.islami.data.model.Prayer: com.ramadan.islami.data.model.Prayer copy$default(com.ramadan.islami.data.model.Prayer,int,java.util.List,java.lang.String,int,java.lang.Object)
com.ramadan.islami.data.model.Prayer$PrayerDate
com.ramadan.islami.data.model.Prayer$Timings: java.lang.String maghrib
com.ramadan.islami.data.model.Topic: java.lang.String id
com.ramadan.islami.data.api.ApiService
com.ramadan.islami.data.model.Gregorian: com.ramadan.islami.data.model.Gregorian$Month month
com.ramadan.islami.data.model.Topic: java.lang.String getSource()
com.ramadan.islami.data.model.Gregorian$Month: int number
com.ramadan.islami.data.model.Prayer$Timings: boolean equals(java.lang.Object)
com.ramadan.islami.data.model.Hijri$Weekday: java.lang.String toString()
com.ramadan.islami.data.model.Collection
...
com.google.android.material.chip.Chip: com.google.android.material.animation.MotionSpec getShowMotionSpec()
com.google.android.material.appbar.CollapsingToolbarLayout: void setTitle(java.lang.CharSequence)
androidx.appcompat.widget.SearchView: void setSubmitButtonEnabled(boolean)
com.google.android.material.chip.Chip: float getTextEndPadding()
androidx.drawerlayout.widget.DrawerLayout: void setStatusBarBackground(int)
com.google.android.gms.internal.ads.zzdb: long zzN
com.google.android.material.button.MaterialButtonToggleGroup: void setCheckedId(int)
com.google.android.gms.internal.ads.zzyb: com.google.android.gms.internal.ads.zzyb zzk
com.google.firebase.heartbeatinfo.HeartBeatInfo$HeartBeat: com.google.firebase.heartbeatinfo.HeartBeatInfo$HeartBeat[] values()
com.google.android.material.chip.ChipGroup: void setOnCheckedChangeListener(com.google.android.material.chip.ChipGroup$OnCheckedChangeListener)
com.google.android.gms.internal.ads.zzds: java.lang.String zze
com.google.android.gms.ads.internal.util.WorkManagerUtil: boolean zze(com.google.android.gms.dynamic.IObjectWrapper,java.lang.String,java.lang.String)
com.google.firebase.firestore.proto.WriteBatch: int WRITES_FIELD_NUMBER
com.google.android.gms.dynamite.descriptors.com.google.android.gms.measurement.dynamite.ModuleDescriptor: java.lang.String MODULE_ID
androidx.work.impl.utils.futures.AbstractFuture$Waiter: java.lang.Thread thread
com.google.protobuf.Any: int TYPE_URL_FIELD_NUMBER
androidx.appcompat.widget.ContentFrameLayout: android.util.TypedValue getFixedHeightMajor()
androidx.lifecycle.ReportFragment$LifecycleCallbacks: void onActivitySaveInstanceState(android.app.Activity,android.os.Bundle)
androidx.appcompat.view.menu.ListMenuItemView: android.view.LayoutInflater getInflater()
com.google.android.material.bottomappbar.BottomAppBar: int getFabAnimationMode()
com.onesignal.JobIntentService$CommandProcessor
com.google.firestore.v1.DocumentRemove: int removedTargetIdsMemoizedSerializedSize
com.google.android.gms.internal.ads.zzdb: java.lang.String zzC
com.google.android.gms.internal.ads.zzemu: com.google.android.gms.internal.ads.zzena zze
com.google.android.gms.internal.ads.zzexc: java.lang.String zzg
androidx.lifecycle.ProcessLifecycleOwner$3$1: androidx.lifecycle.ProcessLifecycleOwner$3 this$1
com.google.android.material.textfield.TextInputLayout: void setEndIconTintList(android.content.res.ColorStateList)
com.google.android.gms.internal.ads.zzewh: com.google.android.gms.internal.ads.zzewh zzh
com.yalantis.contextmenu.lib.ContextMenuDialogFragment
com.onesignal.shortcutbadger.impl.AdwHomeBadger: AdwHomeBadger()
io.grpc.util.RoundRobinLoadBalancer$ReadyPicker: int index
com.google.android.gms.common.api.GoogleApiClient: void connect()
kotlinx.coroutines.scheduling.WorkQueue: int blockingTasksInBuffer
io.grpc.okhttp.OkHttpFrameLogger$Direction: io.grpc.okhttp.OkHttpFrameLogger$Direction valueOf(java.lang.String)
androidx.lifecycle.WithLifecycleStateKt$suspendWithStateAtLeastUnchecked$$inlined$suspendCancellableCoroutine$lambda$1
android.support.v4.graphics.drawable.IconCompatParcelizer: IconCompatParcelizer()
com.google.android.gms.internal.ads.zzeju: com.google.android.gms.internal.ads.zzejx zze
com.google.android.gms.internal.ads.zzwy: int zzg
com.google.android.gms.internal.ads.zzdb: com.google.android.gms.internal.ads.zzesz zzaz
com.google.android.material.card.MaterialCardView: void setBackgroundInternal(android.graphics.drawable.Drawable)
androidx.appcompat.widget.Toolbar: void setNavigationContentDescription(int)
com.google.android.material.textfield.TextInputLayout: void setStartIconDrawable(android.graphics.drawable.Drawable)
com.google.android.gms.internal.ads.zzekg
com.google.android.gms.common.api.Status: android.os.Parcelable$Creator CREATOR
com.google.android.gms.internal.ads.zzcy: long zzp
com.google.android.gms.internal.ads.zzeme: int zzf
com.google.android.gms.internal.measurement.zzck: com.google.android.gms.internal.measurement.zzck zzi